<?xml version="1.0" encoding="UTF-8"?>
<!-- Generated by org.testng.reporters.JUnitReportReporter -->
<testsuite skipped="1" hostname="LAPTOP-FK7QL8FC" name="Sample.Create_contact_testng_test" tests="2" failures="0" timestamp="2022-07-13T17:34:18 IST" time="7.122" errors="1">
  <testcase name="create_contact" time="0.000" classname="Sample.Create_contact_testng_test">
    <skipped/>
  </testcase> <!-- create_contact -->
  <system-out/>
  <testcase name="launch_the_browser" time="7.122" classname="Sample.Create_contact_testng_test">
    <error type="org.openqa.selenium.SessionNotCreatedException" message="session not created
from disconnected: received Inspector.detached event
  (Session info: chrome=103.0.5060.114)
Build info: version: &#039;3.141.59&#039;, revision: &#039;e82be7d358&#039;, time: &#039;2018-11-14T08:17:03&#039;
System info: host: &#039;LAPTOP-FK7QL8FC&#039;, ip: &#039;192.168.247.1&#039;, os.name: &#039;Windows 10&#039;, os.arch: &#039;amd64&#039;, os.version: &#039;10.0&#039;, java.version: &#039;1.8.0_291&#039;
Driver info: driver.version: ChromeDriver
remote stacktrace: Backtrace:
	Ordinal0 [0x00C02733+2434867]
	Ordinal0 [0x00B907A1+1968033]
	Ordinal0 [0x00A7C678+837240]
	Ordinal0 [0x00A6E45E+779358]
	Ordinal0 [0x00A6E04F+778319]
	Ordinal0 [0x00A6D646+775750]
	Ordinal0 [0x00A6C565+771429]
	Ordinal0 [0x00A6CA3D+772669]
	Ordinal0 [0x00A6C185+770437]
	Ordinal0 [0x00A78213+819731]
	Ordinal0 [0x00A6C135+770357]
	Ordinal0 [0x00A6D228+774696]
	Ordinal0 [0x00A6C565+771429]
	Ordinal0 [0x00A6CA3D+772669]
	Ordinal0 [0x00A6C185+770437]
	Ordinal0 [0x00A75EC8+810696]
	Ordinal0 [0x00A6C135+770357]
	Ordinal0 [0x00A6D228+774696]
	Ordinal0 [0x00A6C565+771429]
	Ordinal0 [0x00A6CA3D+772669]
	Ordinal0 [0x00A6C185+770437]
	Ordinal0 [0x00A73C62+801890]
	Ordinal0 [0x00A6C135+770357]
	Ordinal0 [0x00A6D228+774696]
	Ordinal0 [0x00A6C565+771429]
	Ordinal0 [0x00A6CB68+772968]
	Ordinal0 [0x00A6CAF8+772856]
	Ordinal0 [0x00A727B6+796598]
	Ordinal0 [0x00A726F0+796400]
	Ordinal0 [0x00A6C135+770357]
	Ordinal0 [0x00A6D228+774696]
	Ordinal0 [0x00A6C565+771429]
	Ordinal0 [0x00A6CA3D+772669]
	Ordinal0 [0x00A6C185+770437]
	Ordinal0 [0x00A67ACD+752333]
	Ordinal0 [0x00A6C135+770357]
	Ordinal0 [0x00A6BEC0+769728]
	Ordinal0 [0x00A6BC09+769033]
	Ordinal0 [0x00A7D9F0+842224]
	Ordinal0 [0x00ACA149+1155401]
	Ordinal0 [0x00AC8D0A+1150218]
	Ordinal0 [0x00AC4256+1131094]
	Ordinal0 [0x00A9E840+976960]
	Ordinal0 [0x00A9F736+980790]
	GetHandleVerifier [0x00E73C72+2515426]
	GetHandleVerifier [0x00E6702F+2463135]
	GetHandleVerifier [0x00CA522A+620442]
	GetHandleVerifier [0x00CA4016+615814]
	Ordinal0 [0x00B9707B+1994875]
	Ordinal0 [0x00B9B938+2013496]
	Ordinal0 [0x00B9BA25+2013733]
	Ordinal0 [0x00BA4DE1+2051553]
	BaseThreadInitThunk [0x764F6739+25]
	RtlGetFullPathName_UEx [0x77E18FEF+1215]
	RtlGetFullPathName_UEx [0x77E18FBD+1165]
">
      <![CDATA[org.openqa.selenium.SessionNotCreatedException: session not created
from disconnected: received Inspector.detached event
  (Session info: chrome=103.0.5060.114)
Build info: version: '3.141.59', revision: 'e82be7d358', time: '2018-11-14T08:17:03'
System info: host: 'LAPTOP-FK7QL8FC', ip: '192.168.247.1', os.name: 'Windows 10', os.arch: 'amd64', os.version: '10.0', java.version: '1.8.0_291'
Driver info: driver.version: ChromeDriver
remote stacktrace: Backtrace:
Ordinal0 [0x00C02733+2434867]
Ordinal0 [0x00B907A1+1968033]
Ordinal0 [0x00A7C678+837240]
Ordinal0 [0x00A6E45E+779358]
Ordinal0 [0x00A6E04F+778319]
Ordinal0 [0x00A6D646+775750]
Ordinal0 [0x00A6C565+771429]
Ordinal0 [0x00A6CA3D+772669]
Ordinal0 [0x00A6C185+770437]
Ordinal0 [0x00A78213+819731]
Ordinal0 [0x00A6C135+770357]
Ordinal0 [0x00A6D228+774696]
Ordinal0 [0x00A6C565+771429]
Ordinal0 [0x00A6CA3D+772669]
Ordinal0 [0x00A6C185+770437]
Ordinal0 [0x00A75EC8+810696]
Ordinal0 [0x00A6C135+770357]
Ordinal0 [0x00A6D228+774696]
Ordinal0 [0x00A6C565+771429]
Ordinal0 [0x00A6CA3D+772669]
Ordinal0 [0x00A6C185+770437]
Ordinal0 [0x00A73C62+801890]
Ordinal0 [0x00A6C135+770357]
Ordinal0 [0x00A6D228+774696]
Ordinal0 [0x00A6C565+771429]
Ordinal0 [0x00A6CB68+772968]
Ordinal0 [0x00A6CAF8+772856]
Ordinal0 [0x00A727B6+796598]
Ordinal0 [0x00A726F0+796400]
Ordinal0 [0x00A6C135+770357]
Ordinal0 [0x00A6D228+774696]
Ordinal0 [0x00A6C565+771429]
Ordinal0 [0x00A6CA3D+772669]
Ordinal0 [0x00A6C185+770437]
Ordinal0 [0x00A67ACD+752333]
Ordinal0 [0x00A6C135+770357]
Ordinal0 [0x00A6BEC0+769728]
Ordinal0 [0x00A6BC09+769033]
Ordinal0 [0x00A7D9F0+842224]
Ordinal0 [0x00ACA149+1155401]
Ordinal0 [0x00AC8D0A+1150218]
Ordinal0 [0x00AC4256+1131094]
Ordinal0 [0x00A9E840+976960]
Ordinal0 [0x00A9F736+980790]
GetHandleVerifier [0x00E73C72+2515426]
GetHandleVerifier [0x00E6702F+2463135]
GetHandleVerifier [0x00CA522A+620442]
GetHandleVerifier [0x00CA4016+615814]
Ordinal0 [0x00B9707B+1994875]
Ordinal0 [0x00B9B938+2013496]
Ordinal0 [0x00B9BA25+2013733]
Ordinal0 [0x00BA4DE1+2051553]
BaseThreadInitThunk [0x764F6739+25]
RtlGetFullPathName_UEx [0x77E18FEF+1215]
RtlGetFullPathName_UEx [0x77E18FBD+1165]

at sun.reflect.NativeConstructorAccessorImpl.newInstance0(Native Method)
at sun.reflect.NativeConstructorAccessorImpl.newInstance(Unknown Source)
at sun.reflect.DelegatingConstructorAccessorImpl.newInstance(Unknown Source)
at java.lang.reflect.Constructor.newInstance(Unknown Source)
at org.openqa.selenium.remote.W3CHandshakeResponse.lambda$errorHandler$0(W3CHandshakeResponse.java:62)
at org.openqa.selenium.remote.HandshakeResponse.lambda$getResponseFunction$0(HandshakeResponse.java:30)
at org.openqa.selenium.remote.ProtocolHandshake.lambda$createSession$0(ProtocolHandshake.java:126)
at java.util.stream.ReferencePipeline$3$1.accept(Unknown Source)
at java.util.Spliterators$ArraySpliterator.tryAdvance(Unknown Source)
at java.util.stream.ReferencePipeline.forEachWithCancel(Unknown Source)
at java.util.stream.AbstractPipeline.copyIntoWithCancel(Unknown Source)
at java.util.stream.AbstractPipeline.copyInto(Unknown Source)
at java.util.stream.AbstractPipeline.wrapAndCopyInto(Unknown Source)
at java.util.stream.FindOps$FindOp.evaluateSequential(Unknown Source)
at java.util.stream.AbstractPipeline.evaluate(Unknown Source)
at java.util.stream.ReferencePipeline.findFirst(Unknown Source)
at org.openqa.selenium.remote.ProtocolHandshake.createSession(ProtocolHandshake.java:128)
at org.openqa.selenium.remote.ProtocolHandshake.createSession(ProtocolHandshake.java:74)
at org.openqa.selenium.remote.HttpCommandExecutor.execute(HttpCommandExecutor.java:136)
at org.openqa.selenium.remote.service.DriverCommandExecutor.execute(DriverCommandExecutor.java:83)
at org.openqa.selenium.remote.RemoteWebDriver.execute(RemoteWebDriver.java:552)
at org.openqa.selenium.remote.RemoteWebDriver.startSession(RemoteWebDriver.java:213)
at org.openqa.selenium.remote.RemoteWebDriver.<init>(RemoteWebDriver.java:131)
at org.openqa.selenium.chrome.ChromeDriver.<init>(ChromeDriver.java:181)
at org.openqa.selenium.chrome.ChromeDriver.<init>(ChromeDriver.java:168)
at org.openqa.selenium.chrome.ChromeDriver.<init>(ChromeDriver.java:123)
at com.crm.comcast.genericutility.Baseclass.launch_the_browser(Baseclass.java:31)
at sun.reflect.NativeMethodAccessorImpl.invoke0(Native Method)
at sun.reflect.NativeMethodAccessorImpl.invoke(Unknown Source)
at sun.reflect.DelegatingMethodAccessorImpl.invoke(Unknown Source)
at java.lang.reflect.Method.invoke(Unknown Source)
at org.testng.internal.MethodInvocationHelper.invokeMethod(MethodInvocationHelper.java:133)
at org.testng.internal.MethodInvocationHelper.invokeMethodConsideringTimeout(MethodInvocationHelper.java:62)
at org.testng.internal.ConfigInvoker.invokeConfigurationMethod(ConfigInvoker.java:385)
at org.testng.internal.ConfigInvoker.invokeConfigurations(ConfigInvoker.java:321)
at org.testng.internal.TestMethodWorker.invokeBeforeClassMethods(TestMethodWorker.java:176)
at org.testng.internal.TestMethodWorker.run(TestMethodWorker.java:122)
at java.util.ArrayList.forEach(Unknown Source)
at org.testng.TestRunner.privateRun(TestRunner.java:794)
at org.testng.TestRunner.run(TestRunner.java:596)
at org.testng.SuiteRunner.runTest(SuiteRunner.java:377)
at org.testng.SuiteRunner.runSequentially(SuiteRunner.java:371)
at org.testng.SuiteRunner.privateRun(SuiteRunner.java:332)
at org.testng.SuiteRunner.run(SuiteRunner.java:276)
at org.testng.SuiteRunnerWorker.runSuite(SuiteRunnerWorker.java:53)
at org.testng.SuiteRunnerWorker.run(SuiteRunnerWorker.java:96)
at org.testng.TestNG.runSuitesSequentially(TestNG.java:1212)
at org.testng.TestNG.runSuitesLocally(TestNG.java:1134)
at org.testng.TestNG.runSuites(TestNG.java:1063)
at org.testng.TestNG.run(TestNG.java:1031)
at org.testng.remote.AbstractRemoteTestNG.run(AbstractRemoteTestNG.java:115)
at org.testng.remote.RemoteTestNG.initAndRun(RemoteTestNG.java:251)
at org.testng.remote.RemoteTestNG.main(RemoteTestNG.java:77)
]]>
    </error>
  </testcase> <!-- launch_the_browser -->
  <system-out/>
</testsuite> <!-- Sample.Create_contact_testng_test -->
