<html>
<head>
<title>TestNG:  Test</title>
<link href="../testng.css" rel="stylesheet" type="text/css" />
<link href="../my-testng.css" rel="stylesheet" type="text/css" />

<style type="text/css">
.log { display: none;} 
.stack-trace { display: none;} 
</style>
<script type="text/javascript">
<!--
function flip(e) {
  current = e.style.display;
  if (current == 'block') {
    e.style.display = 'none';
    return 0;
  }
  else {
    e.style.display = 'block';
    return 1;
  }
}

function toggleBox(szDivId, elem, msg1, msg2)
{
  var res = -1;  if (document.getElementById) {
    res = flip(document.getElementById(szDivId));
  }
  else if (document.all) {
    // this is the way old msie versions work
    res = flip(document.all[szDivId]);
  }
  if(elem) {
    if(res == 0) elem.innerHTML = msg1; else elem.innerHTML = msg2;
  }

}

function toggleAllBoxes() {
  if (document.getElementsByTagName) {
    d = document.getElementsByTagName('div');
    for (i = 0; i < d.length; i++) {
      if (d[i].className == 'log') {
        flip(d[i]);
      }
    }
  }
}

// -->
</script>

</head>
<body>
<h2 align='center'>Test</h2><table border='1' align="center">
<tr>
<td>Tests passed/Failed/Skipped:</td><td>0/0/1</td>
</tr><tr>
<td>Started on:</td><td>Wed Jul 13 17:32:54 IST 2022</td>
</tr>
<tr><td>Total time:</td><td>14 seconds (14093 ms)</td>
</tr><tr>
<td>Included groups:</td><td></td>
</tr><tr>
<td>Excluded groups:</td><td></td>
</tr>
</table><p/>
<small><i>(Hover the method name to see the test class name)</i></small><p/>
<table width='100%' border='1' class='invocation-failed'>
<tr><td colspan='4' align='center'><b>FAILED CONFIGURATIONS</b></td></tr>
<tr><td><b>Test method</b></td>
<td width="30%"><b>Exception</b></td>
<td width="10%"><b>Time (seconds)</b></td>
<td><b>Instance</b></td>
</tr>
<tr>
<td title='Sample.Create_contact_testng_test.launch_the_browser()'><b>launch_the_browser</b><br>Test class: Sample.Create_contact_testng_test</td>
<td><div><pre>org.openqa.selenium.SessionNotCreatedException: session not created
from disconnected: received Inspector.detached event
  (Session info: chrome=103.0.5060.114)
Build info: version: &apos;3.141.59&apos;, revision: &apos;e82be7d358&apos;, time: &apos;2018-11-14T08:17:03&apos;
System info: host: &apos;LAPTOP-FK7QL8FC&apos;, ip: &apos;192.168.247.1&apos;, os.name: &apos;Windows 10&apos;, os.arch: &apos;amd64&apos;, os.version: &apos;10.0&apos;, java.version: &apos;1.8.0_291&apos;
Driver info: driver.version: ChromeDriver
remote stacktrace: Backtrace:
	Ordinal0 [0x00C02733+2434867]
	Ordinal0 [0x00B907A1+1968033]
	Ordinal0 [0x00A7C678+837240]
	Ordinal0 [0x00A6E45E+779358]
	Ordinal0 [0x00A6E04F+778319]
	Ordinal0 [0x00A6D646+775750]
	Ordinal0 [0x00A6C565+771429]
	Ordinal0 [0x00A6CA3D+772669]
	Ordinal0 [0x00A6C185+770437]
	Ordinal0 [0x00A78213+819731]
	Ordinal0 [0x00A6C135+770357]
	Ordinal0 [0x00A6D228+774696]
	Ordinal0 [0x00A6C565+771429]
	Ordinal0 [0x00A6CA3D+772669]
	Ordinal0 [0x00A6C185+770437]
	Ordinal0 [0x00A75EC8+810696]
	Ordinal0 [0x00A6C135+770357]
	Ordinal0 [0x00A6D228+774696]
	Ordinal0 [0x00A6C565+771429]
	Ordinal0 [0x00A6CA3D+772669]
	Ordinal0 [0x00A6C185+770437]
	Ordinal0 [0x00A73C62+801890]
	Ordinal0 [0x00A6C135+770357]
	Ordinal0 [0x00A6D228+774696]
	Ordinal0 [0x00A6C565+771429]
	Ordinal0 [0x00A6CB68+772968]
	Ordinal0 [0x00A6CAF8+772856]
	Ordinal0 [0x00A727B6+796598]
	Ordinal0 [0x00A726F0+796400]
	Ordinal0 [0x00A6C135+770357]
	Ordinal0 [0x00A6D228+774696]
	Ordinal0 [0x00A6C565+771429]
	Ordinal0 [0x00A6CA3D+772669]
	Ordinal0 [0x00A6C185+770437]
	Ordinal0 [0x00A67ACD+752333]
	Ordinal0 [0x00A6C135+770357]
	Ordinal0 [0x00A6BEC0+769728]
	Ordinal0 [0x00A6BC09+769033]
	Ordinal0 [0x00A7D9F0+842224]
	Ordinal0 [0x00ACA149+1155401]
	Ordinal0 [0x00AC8D0A+1150218]
	Ordinal0 [0x00AC4256+1131094]
	Ordinal0 [0x00A9E840+976960]
	Ordinal0 [0x00A9F736+980790]
	GetHandleVerifier [0x00E73C72+2515426]
	GetHandleVerifier [0x00E6702F+2463135]
	GetHandleVerifier [0x00CA522A+620442]
	GetHandleVerifier [0x00CA4016+615814]
	Ordinal0 [0x00B9707B+1994875]
	Ordinal0 [0x00B9B938+2013496]
	Ordinal0 [0x00B9BA25+2013733]
	Ordinal0 [0x00BA4DE1+2051553]
	BaseThreadInitThunk [0x764F6739+25]
	RtlGetFullPathName_UEx [0x77E18FEF+1215]
	RtlGetFullPathName_UEx [0x77E18FBD+1165]

	at org.openqa.selenium.remote.W3CHandshakeResponse.lambda$errorHandler$0(W3CHandshakeResponse.java:62)
	at org.openqa.selenium.remote.HandshakeResponse.lambda$getResponseFunction$0(HandshakeResponse.java:30)
	at org.openqa.selenium.remote.ProtocolHandshake.lambda$createSession$0(ProtocolHandshake.java:126)
	at java.util.stream.ReferencePipeline$3$1.accept(Unknown Source)
	at java.util.Spliterators$ArraySpliterator.tryAdvance(Unknown Source)
	at java.util.stream.ReferencePipeline.forEachWithCancel(Unknown Source)
	at java.util.stream.AbstractPipeline.copyIntoWithCancel(Unknown Source)
	at java.util.stream.AbstractPipeline.copyInto(Unknown Source)
	at java.util.stream.AbstractPipeline.wrapAndCopyInto(Unknown Source)
	at java.util.stream.FindOps$FindOp.evaluateSequential(Unknown Source)
	at java.util.stream.AbstractPipeline.evaluate(Unknown Source)
	at java.util.stream.ReferencePipeline.findFirst(Unknown Source)
	at org.openqa.selenium.remote.ProtocolHandshake.createSession(ProtocolHandshake.java:128)
	at org.openqa.selenium.remote.ProtocolHandshake.createSession(ProtocolHandshake.java:74)
	at org.openqa.selenium.remote.HttpCommandExecutor.execute(HttpCommandExecutor.java:136)
	at org.openqa.selenium.remote.service.DriverCommandExecutor.execute(DriverCommandExecutor.java:83)
	at org.openqa.selenium.remote.RemoteWebDriver.execute(RemoteWebDriver.java:552)
	at org.openqa.selenium.remote.RemoteWebDriver.startSession(RemoteWebDriver.java:213)
	at org.openqa.selenium.remote.RemoteWebDriver.&lt;init&gt;(RemoteWebDriver.java:131)
	at org.openqa.selenium.chrome.ChromeDriver.&lt;init&gt;(ChromeDriver.java:181)
	at org.openqa.selenium.chrome.ChromeDriver.&lt;init&gt;(ChromeDriver.java:168)
	at org.openqa.selenium.chrome.ChromeDriver.&lt;init&gt;(ChromeDriver.java:123)
	at com.crm.comcast.genericutility.Baseclass.launch_the_browser(Baseclass.java:31)
	at java.util.ArrayList.forEach(Unknown Source)
... Removed 29 stack frames</pre></div><a href='#' onClick='toggleBox("stack-trace942518407", this, "Click to show all stack frames", "Click to hide stack frames")'>Click to show all stack frames</a>
<div class='stack-trace' id='stack-trace942518407'><pre>org.openqa.selenium.SessionNotCreatedException: session not created
from disconnected: received Inspector.detached event
  (Session info: chrome=103.0.5060.114)
Build info: version: &apos;3.141.59&apos;, revision: &apos;e82be7d358&apos;, time: &apos;2018-11-14T08:17:03&apos;
System info: host: &apos;LAPTOP-FK7QL8FC&apos;, ip: &apos;192.168.247.1&apos;, os.name: &apos;Windows 10&apos;, os.arch: &apos;amd64&apos;, os.version: &apos;10.0&apos;, java.version: &apos;1.8.0_291&apos;
Driver info: driver.version: ChromeDriver
remote stacktrace: Backtrace:
	Ordinal0 [0x00C02733+2434867]
	Ordinal0 [0x00B907A1+1968033]
	Ordinal0 [0x00A7C678+837240]
	Ordinal0 [0x00A6E45E+779358]
	Ordinal0 [0x00A6E04F+778319]
	Ordinal0 [0x00A6D646+775750]
	Ordinal0 [0x00A6C565+771429]
	Ordinal0 [0x00A6CA3D+772669]
	Ordinal0 [0x00A6C185+770437]
	Ordinal0 [0x00A78213+819731]
	Ordinal0 [0x00A6C135+770357]
	Ordinal0 [0x00A6D228+774696]
	Ordinal0 [0x00A6C565+771429]
	Ordinal0 [0x00A6CA3D+772669]
	Ordinal0 [0x00A6C185+770437]
	Ordinal0 [0x00A75EC8+810696]
	Ordinal0 [0x00A6C135+770357]
	Ordinal0 [0x00A6D228+774696]
	Ordinal0 [0x00A6C565+771429]
	Ordinal0 [0x00A6CA3D+772669]
	Ordinal0 [0x00A6C185+770437]
	Ordinal0 [0x00A73C62+801890]
	Ordinal0 [0x00A6C135+770357]
	Ordinal0 [0x00A6D228+774696]
	Ordinal0 [0x00A6C565+771429]
	Ordinal0 [0x00A6CB68+772968]
	Ordinal0 [0x00A6CAF8+772856]
	Ordinal0 [0x00A727B6+796598]
	Ordinal0 [0x00A726F0+796400]
	Ordinal0 [0x00A6C135+770357]
	Ordinal0 [0x00A6D228+774696]
	Ordinal0 [0x00A6C565+771429]
	Ordinal0 [0x00A6CA3D+772669]
	Ordinal0 [0x00A6C185+770437]
	Ordinal0 [0x00A67ACD+752333]
	Ordinal0 [0x00A6C135+770357]
	Ordinal0 [0x00A6BEC0+769728]
	Ordinal0 [0x00A6BC09+769033]
	Ordinal0 [0x00A7D9F0+842224]
	Ordinal0 [0x00ACA149+1155401]
	Ordinal0 [0x00AC8D0A+1150218]
	Ordinal0 [0x00AC4256+1131094]
	Ordinal0 [0x00A9E840+976960]
	Ordinal0 [0x00A9F736+980790]
	GetHandleVerifier [0x00E73C72+2515426]
	GetHandleVerifier [0x00E6702F+2463135]
	GetHandleVerifier [0x00CA522A+620442]
	GetHandleVerifier [0x00CA4016+615814]
	Ordinal0 [0x00B9707B+1994875]
	Ordinal0 [0x00B9B938+2013496]
	Ordinal0 [0x00B9BA25+2013733]
	Ordinal0 [0x00BA4DE1+2051553]
	BaseThreadInitThunk [0x764F6739+25]
	RtlGetFullPathName_UEx [0x77E18FEF+1215]
	RtlGetFullPathName_UEx [0x77E18FBD+1165]

	at sun.reflect.NativeConstructorAccessorImpl.newInstance0(Native Method)
	at sun.reflect.NativeConstructorAccessorImpl.newInstance(Unknown Source)
	at sun.reflect.DelegatingConstructorAccessorImpl.newInstance(Unknown Source)
	at java.lang.reflect.Constructor.newInstance(Unknown Source)
	at org.openqa.selenium.remote.W3CHandshakeResponse.lambda$errorHandler$0(W3CHandshakeResponse.java:62)
	at org.openqa.selenium.remote.HandshakeResponse.lambda$getResponseFunction$0(HandshakeResponse.java:30)
	at org.openqa.selenium.remote.ProtocolHandshake.lambda$createSession$0(ProtocolHandshake.java:126)
	at java.util.stream.ReferencePipeline$3$1.accept(Unknown Source)
	at java.util.Spliterators$ArraySpliterator.tryAdvance(Unknown Source)
	at java.util.stream.ReferencePipeline.forEachWithCancel(Unknown Source)
	at java.util.stream.AbstractPipeline.copyIntoWithCancel(Unknown Source)
	at java.util.stream.AbstractPipeline.copyInto(Unknown Source)
	at java.util.stream.AbstractPipeline.wrapAndCopyInto(Unknown Source)
	at java.util.stream.FindOps$FindOp.evaluateSequential(Unknown Source)
	at java.util.stream.AbstractPipeline.evaluate(Unknown Source)
	at java.util.stream.ReferencePipeline.findFirst(Unknown Source)
	at org.openqa.selenium.remote.ProtocolHandshake.createSession(ProtocolHandshake.java:128)
	at org.openqa.selenium.remote.ProtocolHandshake.createSession(ProtocolHandshake.java:74)
	at org.openqa.selenium.remote.HttpCommandExecutor.execute(HttpCommandExecutor.java:136)
	at org.openqa.selenium.remote.service.DriverCommandExecutor.execute(DriverCommandExecutor.java:83)
	at org.openqa.selenium.remote.RemoteWebDriver.execute(RemoteWebDriver.java:552)
	at org.openqa.selenium.remote.RemoteWebDriver.startSession(RemoteWebDriver.java:213)
	at org.openqa.selenium.remote.RemoteWebDriver.&lt;init&gt;(RemoteWebDriver.java:131)
	at org.openqa.selenium.chrome.ChromeDriver.&lt;init&gt;(ChromeDriver.java:181)
	at org.openqa.selenium.chrome.ChromeDriver.&lt;init&gt;(ChromeDriver.java:168)
	at org.openqa.selenium.chrome.ChromeDriver.&lt;init&gt;(ChromeDriver.java:123)
	at com.crm.comcast.genericutility.Baseclass.launch_the_browser(Baseclass.java:31)
	at sun.reflect.NativeMethodAccessorImpl.invoke0(Native Method)
	at sun.reflect.NativeMethodAccessorImpl.invoke(Unknown Source)
	at sun.reflect.DelegatingMethodAccessorImpl.invoke(Unknown Source)
	at java.lang.reflect.Method.invoke(Unknown Source)
	at org.testng.internal.MethodInvocationHelper.invokeMethod(MethodInvocationHelper.java:133)
	at org.testng.internal.MethodInvocationHelper.invokeMethodConsideringTimeout(MethodInvocationHelper.java:62)
	at org.testng.internal.ConfigInvoker.invokeConfigurationMethod(ConfigInvoker.java:385)
	at org.testng.internal.ConfigInvoker.invokeConfigurations(ConfigInvoker.java:321)
	at org.testng.internal.TestMethodWorker.invokeBeforeClassMethods(TestMethodWorker.java:176)
	at org.testng.internal.TestMethodWorker.run(TestMethodWorker.java:122)
	at java.util.ArrayList.forEach(Unknown Source)
	at org.testng.TestRunner.privateRun(TestRunner.java:794)
	at org.testng.TestRunner.run(TestRunner.java:596)
	at org.testng.SuiteRunner.runTest(SuiteRunner.java:377)
	at org.testng.SuiteRunner.runSequentially(SuiteRunner.java:371)
	at org.testng.SuiteRunner.privateRun(SuiteRunner.java:332)
	at org.testng.SuiteRunner.run(SuiteRunner.java:276)
	at org.testng.SuiteRunnerWorker.runSuite(SuiteRunnerWorker.java:53)
	at org.testng.SuiteRunnerWorker.run(SuiteRunnerWorker.java:96)
	at org.testng.TestNG.runSuitesSequentially(TestNG.java:1212)
	at org.testng.TestNG.runSuitesLocally(TestNG.java:1134)
	at org.testng.TestNG.runSuites(TestNG.java:1063)
	at org.testng.TestNG.run(TestNG.java:1031)
	at org.testng.remote.AbstractRemoteTestNG.run(AbstractRemoteTestNG.java:115)
	at org.testng.remote.RemoteTestNG.initAndRun(RemoteTestNG.java:251)
	at org.testng.remote.RemoteTestNG.main(RemoteTestNG.java:77)
</pre></div></td>
<td>13</td>
<td>Sample.Create_contact_testng_test@cb51256</td></tr>
</table><p>
<table width='100%' border='1' class='invocation-skipped'>
<tr><td colspan='4' align='center'><b>SKIPPED CONFIGURATIONS</b></td></tr>
<tr><td><b>Test method</b></td>
<td width="30%"><b>Exception</b></td>
<td width="10%"><b>Time (seconds)</b></td>
<td><b>Instance</b></td>
</tr>
<tr>
<td title='Sample.Create_contact_testng_test.logout()'><b>logout</b><br>Test class: Sample.Create_contact_testng_test</td>
<td></td>
<td>-1657713788</td>
<td>Sample.Create_contact_testng_test@cb51256</td></tr>
<tr>
<td title='Sample.Create_contact_testng_test.close()'><b>close</b><br>Test class: Sample.Create_contact_testng_test</td>
<td></td>
<td>-1657713788</td>
<td>Sample.Create_contact_testng_test@cb51256</td></tr>
<tr>
<td title='Sample.Create_contact_testng_test.login()'><b>login</b><br>Test class: Sample.Create_contact_testng_test</td>
<td></td>
<td>-1657713788</td>
<td>Sample.Create_contact_testng_test@cb51256</td></tr>
</table><p>
<table width='100%' border='1' class='invocation-skipped'>
<tr><td colspan='4' align='center'><b>SKIPPED TESTS</b></td></tr>
<tr><td><b>Test method</b></td>
<td width="30%"><b>Exception</b></td>
<td width="10%"><b>Time (seconds)</b></td>
<td><b>Instance</b></td>
</tr>
<tr>
<td title='Sample.Create_contact_testng_test.create_contact()'><b>create_contact</b><br>Test class: Sample.Create_contact_testng_test</td>
<td><div><pre>org.openqa.selenium.SessionNotCreatedException: session not created
from disconnected: received Inspector.detached event
  (Session info: chrome=103.0.5060.114)
Build info: version: &apos;3.141.59&apos;, revision: &apos;e82be7d358&apos;, time: &apos;2018-11-14T08:17:03&apos;
System info: host: &apos;LAPTOP-FK7QL8FC&apos;, ip: &apos;192.168.247.1&apos;, os.name: &apos;Windows 10&apos;, os.arch: &apos;amd64&apos;, os.version: &apos;10.0&apos;, java.version: &apos;1.8.0_291&apos;
Driver info: driver.version: ChromeDriver
remote stacktrace: Backtrace:
	Ordinal0 [0x00C02733+2434867]
	Ordinal0 [0x00B907A1+1968033]
	Ordinal0 [0x00A7C678+837240]
	Ordinal0 [0x00A6E45E+779358]
	Ordinal0 [0x00A6E04F+778319]
	Ordinal0 [0x00A6D646+775750]
	Ordinal0 [0x00A6C565+771429]
	Ordinal0 [0x00A6CA3D+772669]
	Ordinal0 [0x00A6C185+770437]
	Ordinal0 [0x00A78213+819731]
	Ordinal0 [0x00A6C135+770357]
	Ordinal0 [0x00A6D228+774696]
	Ordinal0 [0x00A6C565+771429]
	Ordinal0 [0x00A6CA3D+772669]
	Ordinal0 [0x00A6C185+770437]
	Ordinal0 [0x00A75EC8+810696]
	Ordinal0 [0x00A6C135+770357]
	Ordinal0 [0x00A6D228+774696]
	Ordinal0 [0x00A6C565+771429]
	Ordinal0 [0x00A6CA3D+772669]
	Ordinal0 [0x00A6C185+770437]
	Ordinal0 [0x00A73C62+801890]
	Ordinal0 [0x00A6C135+770357]
	Ordinal0 [0x00A6D228+774696]
	Ordinal0 [0x00A6C565+771429]
	Ordinal0 [0x00A6CB68+772968]
	Ordinal0 [0x00A6CAF8+772856]
	Ordinal0 [0x00A727B6+796598]
	Ordinal0 [0x00A726F0+796400]
	Ordinal0 [0x00A6C135+770357]
	Ordinal0 [0x00A6D228+774696]
	Ordinal0 [0x00A6C565+771429]
	Ordinal0 [0x00A6CA3D+772669]
	Ordinal0 [0x00A6C185+770437]
	Ordinal0 [0x00A67ACD+752333]
	Ordinal0 [0x00A6C135+770357]
	Ordinal0 [0x00A6BEC0+769728]
	Ordinal0 [0x00A6BC09+769033]
	Ordinal0 [0x00A7D9F0+842224]
	Ordinal0 [0x00ACA149+1155401]
	Ordinal0 [0x00AC8D0A+1150218]
	Ordinal0 [0x00AC4256+1131094]
	Ordinal0 [0x00A9E840+976960]
	Ordinal0 [0x00A9F736+980790]
	GetHandleVerifier [0x00E73C72+2515426]
	GetHandleVerifier [0x00E6702F+2463135]
	GetHandleVerifier [0x00CA522A+620442]
	GetHandleVerifier [0x00CA4016+615814]
	Ordinal0 [0x00B9707B+1994875]
	Ordinal0 [0x00B9B938+2013496]
	Ordinal0 [0x00B9BA25+2013733]
	Ordinal0 [0x00BA4DE1+2051553]
	BaseThreadInitThunk [0x764F6739+25]
	RtlGetFullPathName_UEx [0x77E18FEF+1215]
	RtlGetFullPathName_UEx [0x77E18FBD+1165]

	at org.openqa.selenium.remote.W3CHandshakeResponse.lambda$errorHandler$0(W3CHandshakeResponse.java:62)
	at org.openqa.selenium.remote.HandshakeResponse.lambda$getResponseFunction$0(HandshakeResponse.java:30)
	at org.openqa.selenium.remote.ProtocolHandshake.lambda$createSession$0(ProtocolHandshake.java:126)
	at java.util.stream.ReferencePipeline$3$1.accept(Unknown Source)
	at java.util.Spliterators$ArraySpliterator.tryAdvance(Unknown Source)
	at java.util.stream.ReferencePipeline.forEachWithCancel(Unknown Source)
	at java.util.stream.AbstractPipeline.copyIntoWithCancel(Unknown Source)
	at java.util.stream.AbstractPipeline.copyInto(Unknown Source)
	at java.util.stream.AbstractPipeline.wrapAndCopyInto(Unknown Source)
	at java.util.stream.FindOps$FindOp.evaluateSequential(Unknown Source)
	at java.util.stream.AbstractPipeline.evaluate(Unknown Source)
	at java.util.stream.ReferencePipeline.findFirst(Unknown Source)
	at org.openqa.selenium.remote.ProtocolHandshake.createSession(ProtocolHandshake.java:128)
	at org.openqa.selenium.remote.ProtocolHandshake.createSession(ProtocolHandshake.java:74)
	at org.openqa.selenium.remote.HttpCommandExecutor.execute(HttpCommandExecutor.java:136)
	at org.openqa.selenium.remote.service.DriverCommandExecutor.execute(DriverCommandExecutor.java:83)
	at org.openqa.selenium.remote.RemoteWebDriver.execute(RemoteWebDriver.java:552)
	at org.openqa.selenium.remote.RemoteWebDriver.startSession(RemoteWebDriver.java:213)
	at org.openqa.selenium.remote.RemoteWebDriver.&lt;init&gt;(RemoteWebDriver.java:131)
	at org.openqa.selenium.chrome.ChromeDriver.&lt;init&gt;(ChromeDriver.java:181)
	at org.openqa.selenium.chrome.ChromeDriver.&lt;init&gt;(ChromeDriver.java:168)
	at org.openqa.selenium.chrome.ChromeDriver.&lt;init&gt;(ChromeDriver.java:123)
	at com.crm.comcast.genericutility.Baseclass.launch_the_browser(Baseclass.java:31)
	at java.util.ArrayList.forEach(Unknown Source)
... Removed 29 stack frames</pre></div><a href='#' onClick='toggleBox("stack-trace310016558", this, "Click to show all stack frames", "Click to hide stack frames")'>Click to show all stack frames</a>
<div class='stack-trace' id='stack-trace310016558'><pre>org.openqa.selenium.SessionNotCreatedException: session not created
from disconnected: received Inspector.detached event
  (Session info: chrome=103.0.5060.114)
Build info: version: &apos;3.141.59&apos;, revision: &apos;e82be7d358&apos;, time: &apos;2018-11-14T08:17:03&apos;
System info: host: &apos;LAPTOP-FK7QL8FC&apos;, ip: &apos;192.168.247.1&apos;, os.name: &apos;Windows 10&apos;, os.arch: &apos;amd64&apos;, os.version: &apos;10.0&apos;, java.version: &apos;1.8.0_291&apos;
Driver info: driver.version: ChromeDriver
remote stacktrace: Backtrace:
	Ordinal0 [0x00C02733+2434867]
	Ordinal0 [0x00B907A1+1968033]
	Ordinal0 [0x00A7C678+837240]
	Ordinal0 [0x00A6E45E+779358]
	Ordinal0 [0x00A6E04F+778319]
	Ordinal0 [0x00A6D646+775750]
	Ordinal0 [0x00A6C565+771429]
	Ordinal0 [0x00A6CA3D+772669]
	Ordinal0 [0x00A6C185+770437]
	Ordinal0 [0x00A78213+819731]
	Ordinal0 [0x00A6C135+770357]
	Ordinal0 [0x00A6D228+774696]
	Ordinal0 [0x00A6C565+771429]
	Ordinal0 [0x00A6CA3D+772669]
	Ordinal0 [0x00A6C185+770437]
	Ordinal0 [0x00A75EC8+810696]
	Ordinal0 [0x00A6C135+770357]
	Ordinal0 [0x00A6D228+774696]
	Ordinal0 [0x00A6C565+771429]
	Ordinal0 [0x00A6CA3D+772669]
	Ordinal0 [0x00A6C185+770437]
	Ordinal0 [0x00A73C62+801890]
	Ordinal0 [0x00A6C135+770357]
	Ordinal0 [0x00A6D228+774696]
	Ordinal0 [0x00A6C565+771429]
	Ordinal0 [0x00A6CB68+772968]
	Ordinal0 [0x00A6CAF8+772856]
	Ordinal0 [0x00A727B6+796598]
	Ordinal0 [0x00A726F0+796400]
	Ordinal0 [0x00A6C135+770357]
	Ordinal0 [0x00A6D228+774696]
	Ordinal0 [0x00A6C565+771429]
	Ordinal0 [0x00A6CA3D+772669]
	Ordinal0 [0x00A6C185+770437]
	Ordinal0 [0x00A67ACD+752333]
	Ordinal0 [0x00A6C135+770357]
	Ordinal0 [0x00A6BEC0+769728]
	Ordinal0 [0x00A6BC09+769033]
	Ordinal0 [0x00A7D9F0+842224]
	Ordinal0 [0x00ACA149+1155401]
	Ordinal0 [0x00AC8D0A+1150218]
	Ordinal0 [0x00AC4256+1131094]
	Ordinal0 [0x00A9E840+976960]
	Ordinal0 [0x00A9F736+980790]
	GetHandleVerifier [0x00E73C72+2515426]
	GetHandleVerifier [0x00E6702F+2463135]
	GetHandleVerifier [0x00CA522A+620442]
	GetHandleVerifier [0x00CA4016+615814]
	Ordinal0 [0x00B9707B+1994875]
	Ordinal0 [0x00B9B938+2013496]
	Ordinal0 [0x00B9BA25+2013733]
	Ordinal0 [0x00BA4DE1+2051553]
	BaseThreadInitThunk [0x764F6739+25]
	RtlGetFullPathName_UEx [0x77E18FEF+1215]
	RtlGetFullPathName_UEx [0x77E18FBD+1165]

	at sun.reflect.NativeConstructorAccessorImpl.newInstance0(Native Method)
	at sun.reflect.NativeConstructorAccessorImpl.newInstance(Unknown Source)
	at sun.reflect.DelegatingConstructorAccessorImpl.newInstance(Unknown Source)
	at java.lang.reflect.Constructor.newInstance(Unknown Source)
	at org.openqa.selenium.remote.W3CHandshakeResponse.lambda$errorHandler$0(W3CHandshakeResponse.java:62)
	at org.openqa.selenium.remote.HandshakeResponse.lambda$getResponseFunction$0(HandshakeResponse.java:30)
	at org.openqa.selenium.remote.ProtocolHandshake.lambda$createSession$0(ProtocolHandshake.java:126)
	at java.util.stream.ReferencePipeline$3$1.accept(Unknown Source)
	at java.util.Spliterators$ArraySpliterator.tryAdvance(Unknown Source)
	at java.util.stream.ReferencePipeline.forEachWithCancel(Unknown Source)
	at java.util.stream.AbstractPipeline.copyIntoWithCancel(Unknown Source)
	at java.util.stream.AbstractPipeline.copyInto(Unknown Source)
	at java.util.stream.AbstractPipeline.wrapAndCopyInto(Unknown Source)
	at java.util.stream.FindOps$FindOp.evaluateSequential(Unknown Source)
	at java.util.stream.AbstractPipeline.evaluate(Unknown Source)
	at java.util.stream.ReferencePipeline.findFirst(Unknown Source)
	at org.openqa.selenium.remote.ProtocolHandshake.createSession(ProtocolHandshake.java:128)
	at org.openqa.selenium.remote.ProtocolHandshake.createSession(ProtocolHandshake.java:74)
	at org.openqa.selenium.remote.HttpCommandExecutor.execute(HttpCommandExecutor.java:136)
	at org.openqa.selenium.remote.service.DriverCommandExecutor.execute(DriverCommandExecutor.java:83)
	at org.openqa.selenium.remote.RemoteWebDriver.execute(RemoteWebDriver.java:552)
	at org.openqa.selenium.remote.RemoteWebDriver.startSession(RemoteWebDriver.java:213)
	at org.openqa.selenium.remote.RemoteWebDriver.&lt;init&gt;(RemoteWebDriver.java:131)
	at org.openqa.selenium.chrome.ChromeDriver.&lt;init&gt;(ChromeDriver.java:181)
	at org.openqa.selenium.chrome.ChromeDriver.&lt;init&gt;(ChromeDriver.java:168)
	at org.openqa.selenium.chrome.ChromeDriver.&lt;init&gt;(ChromeDriver.java:123)
	at com.crm.comcast.genericutility.Baseclass.launch_the_browser(Baseclass.java:31)
	at sun.reflect.NativeMethodAccessorImpl.invoke0(Native Method)
	at sun.reflect.NativeMethodAccessorImpl.invoke(Unknown Source)
	at sun.reflect.DelegatingMethodAccessorImpl.invoke(Unknown Source)
	at java.lang.reflect.Method.invoke(Unknown Source)
	at org.testng.internal.MethodInvocationHelper.invokeMethod(MethodInvocationHelper.java:133)
	at org.testng.internal.MethodInvocationHelper.invokeMethodConsideringTimeout(MethodInvocationHelper.java:62)
	at org.testng.internal.ConfigInvoker.invokeConfigurationMethod(ConfigInvoker.java:385)
	at org.testng.internal.ConfigInvoker.invokeConfigurations(ConfigInvoker.java:321)
	at org.testng.internal.TestMethodWorker.invokeBeforeClassMethods(TestMethodWorker.java:176)
	at org.testng.internal.TestMethodWorker.run(TestMethodWorker.java:122)
	at java.util.ArrayList.forEach(Unknown Source)
	at org.testng.TestRunner.privateRun(TestRunner.java:794)
	at org.testng.TestRunner.run(TestRunner.java:596)
	at org.testng.SuiteRunner.runTest(SuiteRunner.java:377)
	at org.testng.SuiteRunner.runSequentially(SuiteRunner.java:371)
	at org.testng.SuiteRunner.privateRun(SuiteRunner.java:332)
	at org.testng.SuiteRunner.run(SuiteRunner.java:276)
	at org.testng.SuiteRunnerWorker.runSuite(SuiteRunnerWorker.java:53)
	at org.testng.SuiteRunnerWorker.run(SuiteRunnerWorker.java:96)
	at org.testng.TestNG.runSuitesSequentially(TestNG.java:1212)
	at org.testng.TestNG.runSuitesLocally(TestNG.java:1134)
	at org.testng.TestNG.runSuites(TestNG.java:1063)
	at org.testng.TestNG.run(TestNG.java:1031)
	at org.testng.remote.AbstractRemoteTestNG.run(AbstractRemoteTestNG.java:115)
	at org.testng.remote.RemoteTestNG.initAndRun(RemoteTestNG.java:251)
	at org.testng.remote.RemoteTestNG.main(RemoteTestNG.java:77)
</pre></div></td>
<td>0</td>
<td>Sample.Create_contact_testng_test@cb51256</td></tr>
</table><p>
</body>
</html>