<?xml version="1.0" encoding="UTF-8"?>
<!-- Generated by org.testng.reporters.JUnitXMLReporter -->
<testsuite hostname="LAPTOP-FK7QL8FC" ignored="0" name="Test" tests="1" failures="0" timestamp="2022-07-13T17:33:08 IST" time="14.093" errors="0">
  <testcase name="@BeforeClass launch_the_browser" time="13.477" classname="com.crm.comcast.genericutility.Baseclass">
    <failure type="org.openqa.selenium.SessionNotCreatedException" message="session not created
from disconnected: received Inspector.detached event
  (Session info: chrome=103.0.5060.114)
Build info: version: &amp;apos;3.141.59&amp;apos;, revision: &amp;apos;e82be7d358&amp;apos;, time: &amp;apos;2018-11-14T08:17:03&amp;apos;
System info: host: &amp;apos;LAPTOP-FK7QL8FC&amp;apos;, ip: &amp;apos;192.168.247.1&amp;apos;, os.name: &amp;apos;Windows 10&amp;apos;, os.arch: &amp;apos;amd64&amp;apos;, os.version: &amp;apos;10.0&amp;apos;, java.version: &amp;apos;1.8.0_291&amp;apos;
Driver info: driver.version: ChromeDriver
remote stacktrace: Backtrace:
	Ordinal0 [0x00C02733+2434867]
	Ordinal0 [0x00B907A1+1968033]
	Ordinal0 [0x00A7C678+837240]
	Ordinal0 [0x00A6E45E+779358]
	Ordinal0 [0x00A6E04F+778319]
	Ordinal0 [0x00A6D646+775750]
	Ordinal0 [0x00A6C565+771429]
	Ordinal0 [0x00A6CA3D+772669]
	Ordinal0 [0x00A6C185+770437]
	Ordinal0 [0x00A78213+819731]
	Ordinal0 [0x00A6C135+770357]
	Ordinal0 [0x00A6D228+774696]
	Ordinal0 [0x00A6C565+771429]
	Ordinal0 [0x00A6CA3D+772669]
	Ordinal0 [0x00A6C185+770437]
	Ordinal0 [0x00A75EC8+810696]
	Ordinal0 [0x00A6C135+770357]
	Ordinal0 [0x00A6D228+774696]
	Ordinal0 [0x00A6C565+771429]
	Ordinal0 [0x00A6CA3D+772669]
	Ordinal0 [0x00A6C185+770437]
	Ordinal0 [0x00A73C62+801890]
	Ordinal0 [0x00A6C135+770357]
	Ordinal0 [0x00A6D228+774696]
	Ordinal0 [0x00A6C565+771429]
	Ordinal0 [0x00A6CB68+772968]
	Ordinal0 [0x00A6CAF8+772856]
	Ordinal0 [0x00A727B6+796598]
	Ordinal0 [0x00A726F0+796400]
	Ordinal0 [0x00A6C135+770357]
	Ordinal0 [0x00A6D228+774696]
	Ordinal0 [0x00A6C565+771429]
	Ordinal0 [0x00A6CA3D+772669]
	Ordinal0 [0x00A6C185+770437]
	Ordinal0 [0x00A67ACD+752333]
	Ordinal0 [0x00A6C135+770357]
	Ordinal0 [0x00A6BEC0+769728]
	Ordinal0 [0x00A6BC09+769033]
	Ordinal0 [0x00A7D9F0+842224]
	Ordinal0 [0x00ACA149+1155401]
	Ordinal0 [0x00AC8D0A+1150218]
	Ordinal0 [0x00AC4256+1131094]
	Ordinal0 [0x00A9E840+976960]
	Ordinal0 [0x00A9F736+980790]
	GetHandleVerifier [0x00E73C72+2515426]
	GetHandleVerifier [0x00E6702F+2463135]
	GetHandleVerifier [0x00CA522A+620442]
	GetHandleVerifier [0x00CA4016+615814]
	Ordinal0 [0x00B9707B+1994875]
	Ordinal0 [0x00B9B938+2013496]
	Ordinal0 [0x00B9BA25+2013733]
	Ordinal0 [0x00BA4DE1+2051553]
	BaseThreadInitThunk [0x764F6739+25]
	RtlGetFullPathName_UEx [0x77E18FEF+1215]
	RtlGetFullPathName_UEx [0x77E18FBD+1165]
">
      <![CDATA[org.openqa.selenium.SessionNotCreatedException: session not created
from disconnected: received Inspector.detached event
  (Session info: chrome=103.0.5060.114)
Build info: version: '3.141.59', revision: 'e82be7d358', time: '2018-11-14T08:17:03'
System info: host: 'LAPTOP-FK7QL8FC', ip: '192.168.247.1', os.name: 'Windows 10', os.arch: 'amd64', os.version: '10.0', java.version: '1.8.0_291'
Driver info: driver.version: ChromeDriver
remote stacktrace: Backtrace:
Ordinal0 [0x00C02733+2434867]
Ordinal0 [0x00B907A1+1968033]
Ordinal0 [0x00A7C678+837240]
Ordinal0 [0x00A6E45E+779358]
Ordinal0 [0x00A6E04F+778319]
Ordinal0 [0x00A6D646+775750]
Ordinal0 [0x00A6C565+771429]
Ordinal0 [0x00A6CA3D+772669]
Ordinal0 [0x00A6C185+770437]
Ordinal0 [0x00A78213+819731]
Ordinal0 [0x00A6C135+770357]
Ordinal0 [0x00A6D228+774696]
Ordinal0 [0x00A6C565+771429]
Ordinal0 [0x00A6CA3D+772669]
Ordinal0 [0x00A6C185+770437]
Ordinal0 [0x00A75EC8+810696]
Ordinal0 [0x00A6C135+770357]
Ordinal0 [0x00A6D228+774696]
Ordinal0 [0x00A6C565+771429]
Ordinal0 [0x00A6CA3D+772669]
Ordinal0 [0x00A6C185+770437]
Ordinal0 [0x00A73C62+801890]
Ordinal0 [0x00A6C135+770357]
Ordinal0 [0x00A6D228+774696]
Ordinal0 [0x00A6C565+771429]
Ordinal0 [0x00A6CB68+772968]
Ordinal0 [0x00A6CAF8+772856]
Ordinal0 [0x00A727B6+796598]
Ordinal0 [0x00A726F0+796400]
Ordinal0 [0x00A6C135+770357]
Ordinal0 [0x00A6D228+774696]
Ordinal0 [0x00A6C565+771429]
Ordinal0 [0x00A6CA3D+772669]
Ordinal0 [0x00A6C185+770437]
Ordinal0 [0x00A67ACD+752333]
Ordinal0 [0x00A6C135+770357]
Ordinal0 [0x00A6BEC0+769728]
Ordinal0 [0x00A6BC09+769033]
Ordinal0 [0x00A7D9F0+842224]
Ordinal0 [0x00ACA149+1155401]
Ordinal0 [0x00AC8D0A+1150218]
Ordinal0 [0x00AC4256+1131094]
Ordinal0 [0x00A9E840+976960]
Ordinal0 [0x00A9F736+980790]
GetHandleVerifier [0x00E73C72+2515426]
GetHandleVerifier [0x00E6702F+2463135]
GetHandleVerifier [0x00CA522A+620442]
GetHandleVerifier [0x00CA4016+615814]
Ordinal0 [0x00B9707B+1994875]
Ordinal0 [0x00B9B938+2013496]
Ordinal0 [0x00B9BA25+2013733]
Ordinal0 [0x00BA4DE1+2051553]
BaseThreadInitThunk [0x764F6739+25]
RtlGetFullPathName_UEx [0x77E18FEF+1215]
RtlGetFullPathName_UEx [0x77E18FBD+1165]

at org.openqa.selenium.remote.W3CHandshakeResponse.lambda$errorHandler$0(W3CHandshakeResponse.java:62)
at org.openqa.selenium.remote.HandshakeResponse.lambda$getResponseFunction$0(HandshakeResponse.java:30)
at org.openqa.selenium.remote.ProtocolHandshake.lambda$createSession$0(ProtocolHandshake.java:126)
at java.util.stream.ReferencePipeline$3$1.accept(Unknown Source)
at java.util.Spliterators$ArraySpliterator.tryAdvance(Unknown Source)
at java.util.stream.ReferencePipeline.forEachWithCancel(Unknown Source)
at java.util.stream.AbstractPipeline.copyIntoWithCancel(Unknown Source)
at java.util.stream.AbstractPipeline.copyInto(Unknown Source)
at java.util.stream.AbstractPipeline.wrapAndCopyInto(Unknown Source)
at java.util.stream.FindOps$FindOp.evaluateSequential(Unknown Source)
at java.util.stream.AbstractPipeline.evaluate(Unknown Source)
at java.util.stream.ReferencePipeline.findFirst(Unknown Source)
at org.openqa.selenium.remote.ProtocolHandshake.createSession(ProtocolHandshake.java:128)
at org.openqa.selenium.remote.ProtocolHandshake.createSession(ProtocolHandshake.java:74)
at org.openqa.selenium.remote.HttpCommandExecutor.execute(HttpCommandExecutor.java:136)
at org.openqa.selenium.remote.service.DriverCommandExecutor.execute(DriverCommandExecutor.java:83)
at org.openqa.selenium.remote.RemoteWebDriver.execute(RemoteWebDriver.java:552)
at org.openqa.selenium.remote.RemoteWebDriver.startSession(RemoteWebDriver.java:213)
at org.openqa.selenium.remote.RemoteWebDriver.<init>(RemoteWebDriver.java:131)
at org.openqa.selenium.chrome.ChromeDriver.<init>(ChromeDriver.java:181)
at org.openqa.selenium.chrome.ChromeDriver.<init>(ChromeDriver.java:168)
at org.openqa.selenium.chrome.ChromeDriver.<init>(ChromeDriver.java:123)
at com.crm.comcast.genericutility.Baseclass.launch_the_browser(Baseclass.java:31)
at java.util.ArrayList.forEach(Unknown Source)
... Removed 29 stack frames]]>
    </failure>
  </testcase> <!-- @BeforeClass launch_the_browser -->
  <testcase name="@BeforeMethod login" time="-1.657713788207E9" classname="com.crm.comcast.genericutility.Baseclass">
    <skipped/>
  </testcase> <!-- @BeforeMethod login -->
  <testcase name="@AfterMethod logout" time="-1.657713788224E9" classname="com.crm.comcast.genericutility.Baseclass">
    <skipped/>
  </testcase> <!-- @AfterMethod logout -->
  <testcase name="@AfterClass close" time="-1.657713788319E9" classname="com.crm.comcast.genericutility.Baseclass">
    <skipped/>
  </testcase> <!-- @AfterClass close -->
  <testcase name="create_contact" time="0.0" classname="Sample.Create_contact_testng_test">
    <skipped/>
  </testcase> <!-- create_contact -->
</testsuite> <!-- Test -->
